mode: set
github.com/SilvanaJ90/awesome-api/main.go:13.13,15.44 2 0
github.com/SilvanaJ90/awesome-api/main.go:18.3,21.58 2 0
github.com/SilvanaJ90/awesome-api/main.go:15.44,17.4 1 0
github.com/SilvanaJ90/awesome-api/main.go:24.32,34.2 4 0
github.com/SilvanaJ90/awesome-api/main.go:36.65,44.2 2 0
github.com/SilvanaJ90/awesome-api/main.go:46.59,54.26 4 1
github.com/SilvanaJ90/awesome-api/main.go:67.3,67.17 1 1
github.com/SilvanaJ90/awesome-api/main.go:72.3,75.57 2 1
github.com/SilvanaJ90/awesome-api/main.go:55.10,57.14 1 0
github.com/SilvanaJ90/awesome-api/main.go:58.10,60.25 1 1
github.com/SilvanaJ90/awesome-api/main.go:61.11,63.41 1 0
github.com/SilvanaJ90/awesome-api/main.go:67.17,69.4 1 0
